[    0.000000] Initializing cgroup subsys cpuset
[    0.000000] Initializing cgroup subsys cpu
[    0.000000] Initializing cgroup subsys cpuacct
[    0.000000] Linux version 4.4.0-112-generic (buildd@lgw01-amd64-010) (gcc version 5.4.0 20160609 (Ubuntu 5.4.0-6ubuntu1~16.04.5) ) #135-Ubuntu SMP Fri Jan 19 11:48:36 UTC 2018 (Ubuntu 4.4.0-112.135-generic 4.4.98)
[    0.000000] Command line: BOOT_IMAGE=/boot/vmlinuz-4.4.0-112-generic root=LABEL=cloudimg-rootfs ro console=tty1 console=ttyS0
[    0.000000] KERNEL supported cpus:
[    0.000000]   Intel GenuineIntel
[    0.000000]   AMD AuthenticAMD
[    0.000000]   Centaur CentaurHauls
[    0.000000] x86/fpu: xstate_offset[2]:  576, xstate_sizes[2]:  256
[    0.000000] x86/fpu: Supporting XSAVE feature 0x01: 'x87 floating point registers'
[    0.000000] x86/fpu: Supporting XSAVE feature 0x02: 'SSE registers'
[    0.000000] x86/fpu: Supporting XSAVE feature 0x04: 'AVX registers'
[    0.000000] x86/fpu: Enabled xstate features 0x7, context size is 832 bytes, using 'standard' format.
[    0.000000] x86/fpu: Using 'lazy' FPU context switches.
[    0.000000] e820: BIOS-provided physical RAM map:
[    0.000000] BIOS-e820: [mem 0x0000000000000000-0x000000000009fbff] usable
[    0.000000] BIOS-e820: [mem 0x000000000009fc00-0x000000000009ffff] reserved
[    0.000000] BIOS-e820: [mem 0x00000000000f0000-0x00000000000fffff] reserved
[    0.000000] BIOS-e820: [mem 0x0000000000100000-0x000000001ffeffff] usable
[    0.000000] BIOS-e820: [mem 0x000000001fff0000-0x000000001fffffff] ACPI data
[    0.000000] BIOS-e820: [mem 0x00000000fec00000-0x00000000fec00fff] reserved
[    0.000000] BIOS-e820: [mem 0x00000000fee00000-0x00000000fee00fff] reserved
[    0.000000] BIOS-e820: [mem 0x00000000fffc0000-0x00000000ffffffff] reserved
[    0.000000] NX (Execute Disable) protection: active
[    0.000000] SMBIOS 2.5 present.
[    0.000000] Hypervisor detected: KVM
[    0.000000] e820: last_pfn = 0x1fff0 max_arch_pfn = 0x400000000
[    0.000000] MTRR: Disabled
[    0.000000] x86/PAT: MTRRs disabled, skipping PAT initialization too.
[    0.000000] CPU MTRRs all blank - virtualized system.
[    0.000000] x86/PAT: Configuration [0-7]: WB  WT  UC- UC  WB  WT  UC- UC  
[    0.000000] found SMP MP-table at [mem 0x0009fff0-0x0009ffff] mapped at [ffff88000009fff0]
[    0.000000] Scanning 1 areas for low memory corruption
[    0.000000] RAMDISK: [mem 0x1ece0000-0x1f771fff]
[    0.000000] ACPI: Early table checksum verification disabled
[    0.000000] ACPI: RSDP 0x00000000000E0000 000024 (v02 VBOX  )
[    0.000000] ACPI: XSDT 0x000000001FFF0030 00003C (v01 VBOX   VBOXXSDT 00000001 ASL  00000061)
[    0.000000] ACPI: FACP 0x000000001FFF00F0 0000F4 (v04 VBOX   VBOXFACP 00000001 ASL  00000061)
[    0.000000] ACPI: DSDT 0x000000001FFF0470 0021FF (v02 VBOX   VBOXBIOS 00000002 INTL 20170728)
[    0.000000] ACPI: FACS 0x000000001FFF0200 000040
[    0.000000] ACPI: FACS 0x000000001FFF0200 000040
[    0.000000] ACPI: APIC 0x000000001FFF0240 00005C (v02 VBOX   VBOXAPIC 00000001 ASL  00000061)
[    0.000000] ACPI: SSDT 0x000000001FFF02A0 0001CC (v01 VBOX   VBOXCPUT 00000002 INTL 20170728)
[    0.000000] No NUMA configuration found
[    0.000000] Faking a node at [mem 0x0000000000000000-0x000000001ffeffff]
[    0.000000] NODE_DATA(0) allocated [mem 0x1ffeb000-0x1ffeffff]
[    0.000000] kvm-clock: Using msrs 4b564d01 and 4b564d00
[    0.000000] kvm-clock: cpu 0, msr 0:1ffe3001, primary cpu clock
[    0.000000] kvm-clock: using sched offset of 2914564996 cycles
[    0.000000] clocksource: kvm-clock: mask: 0xffffffffffffffff max_cycles: 0x1cd42e4dffb, max_idle_ns: 881590591483 ns
[    0.000000] Zone ranges:
[    0.000000]   DMA      [mem 0x0000000000001000-0x0000000000ffffff]
[    0.000000]   DMA32    [mem 0x0000000001000000-0x000000001ffeffff]
[    0.000000]   Normal   empty
[    0.000000]   Device   empty
[    0.000000] Movable zone start for each node
[    0.000000] Early memory node ranges
[    0.000000]   node   0: [mem 0x0000000000001000-0x000000000009efff]
[    0.000000]   node   0: [mem 0x0000000000100000-0x000000001ffeffff]
[    0.000000] Initmem setup node 0 [mem 0x0000000000001000-0x000000001ffeffff]
[    0.000000] ACPI: PM-Timer IO Port: 0x4008
[    0.000000] IOAPIC[0]: apic_id 2, version 32, address 0xfec00000, GSI 0-23
[    0.000000] ACPI: INT_SRC_OVR (bus 0 bus_irq 0 global_irq 2 dfl dfl)
[    0.000000] ACPI: INT_SRC_OVR (bus 0 bus_irq 9 global_irq 9 high level)
[    0.000000] Using ACPI (MADT) for SMP configuration information
[    0.000000] smpboot: Allowing 2 CPUs, 0 hotplug CPUs
[    0.000000] PM: Registered nosave memory: [mem 0x00000000-0x00000fff]
[    0.000000] PM: Registered nosave memory: [mem 0x0009f000-0x0009ffff]
[    0.000000] PM: Registered nosave memory: [mem 0x000a0000-0x000effff]
[    0.000000] PM: Registered nosave memory: [mem 0x000f0000-0x000fffff]
[    0.000000] e820: [mem 0x20000000-0xfebfffff] available for PCI devices
[    0.000000] Booting paravirtualized kernel on KVM
[    0.000000] clocksource: refined-jiffies: mask: 0xffffffff max_cycles: 0xffffffff, max_idle_ns: 7645519600211568 ns
[    0.000000] setup_percpu: NR_CPUS:512 nr_cpumask_bits:512 nr_cpu_ids:2 nr_node_ids:1
[    0.000000] PERCPU: Embedded 34 pages/cpu @ffff88001fc00000 s99544 r8192 d31528 u1048576
[    0.000000] PV qspinlock hash table entries: 256 (order: 0, 4096 bytes)
[    0.000000] Built 1 zonelists in Node order, mobility grouping on.  Total pages: 128889
[    0.000000] Policy zone: DMA32
[    0.000000] Kernel command line: BOOT_IMAGE=/boot/vmlinuz-4.4.0-112-generic root=LABEL=cloudimg-rootfs ro console=tty1 console=ttyS0
[    0.000000] PID hash table entries: 2048 (order: 2, 16384 bytes)
[    0.000000] Memory: 485628K/523832K available (8499K kernel code, 1309K rwdata, 3988K rodata, 1508K init, 1316K bss, 38204K reserved, 0K cma-reserved)
[    0.000000] SLUB: HWalign=64, Order=0-3, MinObjects=0, CPUs=2, Nodes=1
[    0.000000] Kernel/User page tables isolation: enabled
[    0.000000] Hierarchical RCU implementation.
[    0.000000] 	Build-time adjustment of leaf fanout to 64.
[    0.000000] 	RCU restricting CPUs from NR_CPUS=512 to nr_cpu_ids=2.
[    0.000000] RCU: Adjusting geometry for rcu_fanout_leaf=64, nr_cpu_ids=2
[    0.000000] NR_IRQS:33024 nr_irqs:440 16
[    0.000000] Console: colour VGA+ 80x25
[    0.000000] console [tty1] enabled
[    0.000000] console [ttyS0] enabled
[    0.000000] tsc: Detected 3691.244 MHz processor
[    0.481074] Calibrating delay loop (skipped) preset value.. 7382.48 BogoMIPS (lpj=14764976)
[    0.482093] pid_max: default: 32768 minimum: 301
[    0.482634] ACPI: Core revision 20150930
[    0.483837] ACPI: 2 ACPI AML tables successfully acquired and loaded
[    0.484632] Security Framework initialized
[    0.485139] Yama: becoming mindful.
[    0.485614] AppArmor: AppArmor initialized
[    0.486156] Dentry cache hash table entries: 65536 (order: 7, 524288 bytes)
[    0.486940] Inode-cache hash table entries: 32768 (order: 6, 262144 bytes)
[    0.487688] Mount-cache hash table entries: 1024 (order: 1, 8192 bytes)
[    0.489489] Mountpoint-cache hash table entries: 1024 (order: 1, 8192 bytes)
[    0.490455] Initializing cgroup subsys io
[    0.491024] Initializing cgroup subsys memory
[    0.491623] Initializing cgroup subsys devices
[    0.492233] Initializing cgroup subsys freezer
[    0.492855] Initializing cgroup subsys net_cls
[    0.493466] Initializing cgroup subsys perf_event
[    0.494090] Initializing cgroup subsys net_prio
[    0.494622] Initializing cgroup subsys hugetlb
[    0.495151] Initializing cgroup subsys pids
[    0.495718] CPU: Physical Processor ID: 0
[    0.496213] CPU: Processor Core ID: 0
[    0.496694] FEATURE SPEC_CTRL Not Present
[    0.497909] mce: CPU supports 0 MCE banks
[    0.498415] Last level iTLB entries: 4KB 1024, 2MB 1024, 4MB 1024
[    0.499068] Last level dTLB entries: 4KB 1024, 2MB 1024, 4MB 1024, 1GB 4
[    0.501129] Freeing SMP alternatives memory: 32K
[    0.507297] ftrace: allocating 32180 entries in 126 pages
[    0.536070] smpboot: APIC(0) Converting physical 0 to logical package 0
[    0.577045] smpboot: Max logical packages: 1
[    0.577767] x2apic enabled
[    0.578325] Switched APIC routing to physical x2apic.
[    0.579732] ..TIMER: vector=0x30 apic1=0 pin1=2 apic2=-1 pin2=-1
[    0.684722] smpboot: CPU0: Intel(R) Core(TM) i3-4170 CPU @ 3.70GHz (family: 0x6, model: 0x3c, stepping: 0x3)
[    0.691340] Performance Events: unsupported p6 CPU model 60 no PMU driver, software events only.
[    0.692597] KVM setup paravirtual spinlock
[    0.693707] x86: Booting SMP configuration:
[    0.700620] .... node  #0, CPUs:      #1
[    0.701267] kvm-clock: cpu 1, msr 0:1ffe3041, secondary cpu clock
[    0.717781] mce: CPU supports 0 MCE banks
[    0.727033] x86: Booted up 1 node, 2 CPUs
[    0.727753] smpboot: Total of 2 processors activated (14764.97 BogoMIPS)
[    0.729161] devtmpfs: initialized
[    0.733542] evm: security.selinux
[    0.735328] evm: security.SMACK64
[    0.735823] evm: security.SMACK64EXEC
[    0.736350] evm: security.SMACK64TRANSMUTE
[    0.736926] evm: security.SMACK64MMAP
[    0.737458] evm: security.ima
[    0.771705] evm: security.capability
[    0.807062] clocksource: jiffies: mask: 0xffffffff max_cycles: 0xffffffff, max_idle_ns: 7645041785100000 ns
[    0.837534] futex hash table entries: 512 (order: 3, 32768 bytes)
[    0.839706] pinctrl core: initialized pinctrl subsystem
[    0.840466] RTC time:  8:58:35, date: 02/18/18
[    0.841215] NET: Registered protocol family 16
[    0.852794] cpuidle: using governor ladder
[    0.917162] cpuidle: using governor menu
[    0.960236] PCCT header not found.
[    0.997331] ACPI: bus type PCI registered
[    1.035130] acpiphp: ACPI Hot Plug PCI Controller Driver version: 0.5
[    1.035890] PCI: Using configuration type 1 for base access
[    1.049222] ACPI: Added _OSI(Module Device)
[    1.066601] ACPI: Added _OSI(Processor Device)
[    1.067127] ACPI: Added _OSI(3.0 _SCP Extensions)
[    1.067680] ACPI: Added _OSI(Processor Aggregator Device)
[    1.068767] ACPI: Executed 1 blocks of module-level executable AML code
[    1.070866] ACPI: Interpreter enabled
[    1.071338] ACPI: (supports S0 S5)
[    1.071780] ACPI: Using IOAPIC for interrupt routing
[    1.072444] PCI: Using host bridge windows from ACPI; if necessary, use "pci=nocrs" and report a bug
[    1.109471] ACPI: PCI Root Bridge [PCI0] (domain 0000 [bus 00-ff])
[    1.120048] acpi PNP0A03:00: _OSC: OS supports [ASPM ClockPM Segments MSI]
[    1.120906] acpi PNP0A03:00: _OSC: not requesting OS control; OS requires [ExtendedConfig ASPM ClockPM MSI]
[    1.122179] acpi PNP0A03:00: fail to add MMCONFIG information, can't access extended PCI configuration space under this bridge.
[    1.123769] PCI host bridge to bus 0000:00
[    1.124342] pci_bus 0000:00: root bus resource [io  0x0000-0x0cf7 window]
[    1.125176] pci_bus 0000:00: root bus resource [io  0x0d00-0xffff window]
[    1.126009] pci_bus 0000:00: root bus resource [mem 0x000a0000-0x000bffff window]
[    1.132327] pci_bus 0000:00: root bus resource [mem 0x20000000-0xffdfffff window]
[    1.134439] pci_bus 0000:00: root bus resource [bus 00-ff]
[    1.136079] pci 0000:00:01.1: legacy IDE quirk: reg 0x10: [io  0x01f0-0x01f7]
[    1.138008] pci 0000:00:01.1: legacy IDE quirk: reg 0x14: [io  0x03f6]
[    1.138813] pci 0000:00:01.1: legacy IDE quirk: reg 0x18: [io  0x0170-0x0177]
[    1.139675] pci 0000:00:01.1: legacy IDE quirk: reg 0x1c: [io  0x0376]
[    1.147846] pci 0000:00:07.0: quirk: [io  0x4000-0x403f] claimed by PIIX4 ACPI
[    1.160964] pci 0000:00:07.0: quirk: [io  0x4100-0x410f] claimed by PIIX4 SMB
[    1.167149] ACPI: PCI Interrupt Link [LNKA] (IRQs 5 9 10 *11)
[    1.173569] ACPI: PCI Interrupt Link [LNKB] (IRQs 5 9 10 *11)
[    1.175852] ACPI: PCI Interrupt Link [LNKC] (IRQs 5 9 *10 11)
[    1.176884] ACPI: PCI Interrupt Link [LNKD] (IRQs 5 *9 10 11)
[    1.177964] ACPI: Enabled 2 GPEs in block 00 to 07
[    1.178902] vgaarb: setting as boot device: PCI:0000:00:02.0
[    1.180689] vgaarb: device added: PCI:0000:00:02.0,decodes=io+mem,owns=io+mem,locks=none
[    1.182862] vgaarb: loaded
[    1.183302] vgaarb: bridge control possible 0000:00:02.0
[    1.184183] SCSI subsystem initialized
[    1.184817] ACPI: bus type USB registered
[    1.187539] usbcore: registered new interface driver usbfs
[    1.188252] usbcore: registered new interface driver hub
[    1.188954] usbcore: registered new device driver usb
[    1.189832] PCI: Using ACPI for IRQ routing
[    1.191940] NetLabel: Initializing
[    1.192450] NetLabel:  domain hash size = 128
[    1.193046] NetLabel:  protocols = UNLABELED CIPSOv4
[    1.193726] NetLabel:  unlabeled traffic allowed by default
[    1.194558] amd_nb: Cannot enumerate AMD northbridges
[    1.196315] clocksource: Switched to clocksource kvm-clock
[    1.201839] AppArmor: AppArmor Filesystem Enabled
[    1.207811] pnp: PnP ACPI init
[    1.208775] pnp: PnP ACPI: found 3 devices
[    1.219071] clocksource: acpi_pm: mask: 0xffffff max_cycles: 0xffffff, max_idle_ns: 2085701024 ns
[    1.222458] NET: Registered protocol family 2
[    1.223202] TCP established hash table entries: 4096 (order: 3, 32768 bytes)
[    1.225184] TCP bind hash table entries: 4096 (order: 4, 65536 bytes)
[    1.225993] TCP: Hash tables configured (established 4096 bind 4096)
[    1.226793] UDP hash table entries: 256 (order: 1, 8192 bytes)
[    1.227532] UDP-Lite hash table entries: 256 (order: 1, 8192 bytes)
[    1.228345] NET: Registered protocol family 1
[    1.228969] pci 0000:00:00.0: Limiting direct PCI/PCI transfers
[    1.229737] pci 0000:00:01.0: Activating ISA DMA hang workarounds
[    1.230896] Unpacking initramfs...
[    2.568526] Freeing initrd memory: 10824K
[    2.574513] RAPL PMU detected, API unit is 2^-32 Joules, 4 fixed counters 10737418240 ms ovfl timer
[    2.575786] hw unit of domain pp0-core 2^-0 Joules
[    2.576476] hw unit of domain package 2^-0 Joules
[    2.577148] hw unit of domain dram 2^-0 Joules
[    2.577800] hw unit of domain pp1-gpu 2^-0 Joules
[    2.578515] platform rtc_cmos: registered platform RTC device (no PNP device found)
[    2.579692] Scanning for low memory corruption every 60 seconds
[    2.580899] audit: initializing netlink subsys (disabled)
[    2.585095] audit: type=2000 audit(1518944321.201:1): initialized
[    2.586091] Initialise system trusted keyring
[    2.586812] HugeTLB registered 2 MB page size, pre-allocated 0 pages
[    2.588604] zbud: loaded
[    2.589191] VFS: Disk quotas dquot_6.6.0
[    2.589776] VFS: Dquot-cache hash table entries: 512 (order 0, 4096 bytes)
[    2.590778] squashfs: version 4.0 (2009/01/31) Phillip Lougher
[    2.591750] fuse init (API version 7.23)
[    2.592435] Key type big_key registered
[    2.592995] Allocating IMA MOK and blacklist keyrings.
[    2.594331] Key type asymmetric registered
[    2.594901] Asymmetric key parser 'x509' registered
[    2.595563] Block layer SCSI generic (bsg) driver version 0.4 loaded (major 249)
[    2.596648] io scheduler noop registered
[    2.597198] io scheduler deadline registered (default)
[    2.597886] io scheduler cfq registered
[    2.598495] pci_hotplug: PCI Hot Plug PCI Core version: 0.5
[    2.599202] pciehp: PCI Express Hot Plug Controller Driver version: 0.4
[    2.600087] ACPI: AC Adapter [AC] (on-line)
[    2.600715] input: Power Button as /devices/LNXSYSTM:00/LNXPWRBN:00/input/input0
[    2.601729] ACPI: Power Button [PWRF]
[    2.602290] input: Sleep Button as /devices/LNXSYSTM:00/LNXSLPBN:00/input/input1
[    2.603296] ACPI: Sleep Button [SLPF]
[    2.603957] GHES: HEST is not enabled!
[    2.604601] Serial: 8250/16550 driver, 32 ports, IRQ sharing enabled
[    2.626458] 00:02: ttyS0 at I/O 0x3f8 (irq = 4, base_baud = 115200) is a 16550A
[    2.630063] Linux agpgart interface v0.103
[    2.633296] loop: module loaded
[    2.634154] scsi host0: ata_piix
[    2.634738] scsi host1: ata_piix
[    2.635247] ata1: PATA max UDMA/33 cmd 0x1f0 ctl 0x3f6 bmdma 0xd000 irq 14
[    2.636068] ata2: PATA max UDMA/33 cmd 0x170 ctl 0x376 bmdma 0xd008 irq 15
[    2.638033] libphy: Fixed MDIO Bus: probed
[    2.638619] tun: Universal TUN/TAP device driver, 1.6
[    2.639279] tun: (C) 1999-2004 Max Krasnyansky <maxk@qualcomm.com>
[    2.640105] PPP generic driver version 2.4.2
[    2.640785] ehci_hcd: USB 2.0 'Enhanced' Host Controller (EHCI) Driver
[    2.641589] ehci-pci: EHCI PCI platform driver
[    2.642206] ehci-platform: EHCI generic platform driver
[    2.642892] ohci_hcd: USB 1.1 'Open' Host Controller (OHCI) Driver
[    2.643665] ohci-pci: OHCI PCI platform driver
[    2.644275] ohci-platform: OHCI generic platform driver
[    2.644986] uhci_hcd: USB Universal Host Controller Interface driver
[    2.645820] i8042: PNP: PS/2 Controller [PNP0303:PS2K,PNP0f03:PS2M] at 0x60,0x64 irq 1,12
[    2.647282] serio: i8042 KBD port at 0x60,0x64 irq 1
[    2.647945] serio: i8042 AUX port at 0x60,0x64 irq 12
[    2.648791] mousedev: PS/2 mouse device common for all mice
[    2.652671] input: AT Translated Set 2 keyboard as /devices/platform/i8042/serio0/input/input2
[    2.660568] rtc_cmos rtc_cmos: rtc core: registered rtc_cmos as rtc0
[    2.660620] rtc_cmos rtc_cmos: alarms up to one day, 114 bytes nvram
[    2.660626] i2c /dev entries driver
[    2.660680] device-mapper: uevent: version 1.0.3
[    2.660731] device-mapper: ioctl: 4.34.0-ioctl (2015-10-28) initialised: dm-devel@redhat.com
[    2.660746] ledtrig-cpu: registered to indicate activity on CPUs
[    2.660996] NET: Registered protocol family 10
[    2.661122] NET: Registered protocol family 17
[    2.661130] Key type dns_resolver registered
[    2.967889] microcode: CPU0 sig=0x306c3, pf=0x40, revision=0x0
[    2.968037] microcode: CPU1 sig=0x306c3, pf=0x40, revision=0x0
[    2.968079] microcode: Microcode Update Driver: v2.01 <tigran@aivazian.fsnet.co.uk>, Peter Oruba
[    2.968172] registered taskstats version 1
[    2.968181] Loading compiled-in X.509 certificates
[    2.968678] Loaded X.509 cert 'Build time autogenerated kernel key: 4c603087bab8f0a02cb3b4e1fb4c40f507e71ef1'
[    2.968695] zswap: loaded using pool lzo/zbud
[    2.970114] Key type trusted registered
[    2.972439] Key type encrypted registered
[    2.972443] AppArmor: AppArmor sha1 policy hashing enabled
[    2.972446] ima: No TPM chip found, activating TPM-bypass!
[    2.972463] evm: HMAC attrs: 0x1
[    2.972681]   Magic number: 6:616:978
[    2.976628] rtc_cmos rtc_cmos: setting system clock to 2018-02-18 08:58:37 UTC (1518944317)
[    2.976711] BIOS EDD facility v0.16 2004-Jun-25, 0 devices found
[    2.976712] EDD information not available.
[    2.996447] Freeing unused kernel memory: 1508K
[    2.996990] Write protecting the kernel read-only data: 14336k
[    2.997979] Freeing unused kernel memory: 1728K
[    3.035644] Freeing unused kernel memory: 108K
Loading, please wait...
starting version[    3.047619] random: systemd-udevd: uninitialized urandom read (16 bytes read, 2 bits of entropy available)
 229
[    3.048429] random: udevadm: uninitialized urandom read (16 bytes read, 2 bits of entropy available)
[    3.048456] random: udevadm: uninitialized urandom read (16 bytes read, 2 bits of entropy available)
[    3.060551] random: udevadm: uninitialized urandom read (16 bytes read, 2 bits of entropy available)
[    3.060603] random: udevadm: uninitialized urandom read (16 bytes read, 2 bits of entropy available)
[    3.060775] random: udevadm: uninitialized urandom read (16 bytes read, 2 bits of entropy available)
[    3.060843] random: udevadm: uninitialized urandom read (16 bytes read, 2 bits of entropy available)
[    3.060912] random: udevadm: uninitialized urandom read (16 bytes read, 2 bits of entropy available)
[    3.060978] random: udevadm: uninitialized urandom read (16 bytes read, 2 bits of entropy available)
[    3.061042] random: udevadm: uninitialized urandom read (16 bytes read, 2 bits of entropy available)
[    3.106005] e1000: Intel(R) PRO/1000 Network Driver - version 7.3.21-k8-NAPI
[    3.117172] e1000: Copyright (c) 1999-2006 Intel Corporation.
[    3.122268] Fusion MPT base driver 3.04.20
[    3.275159] Copyright (c) 1999-2008 LSI Corporation
[    3.463293] AVX version of gcm_enc/dec engaged.
[    3.491272] AES CTR mode by8 optimization enabled
[    3.494215] Fusion MPT SPI Host driver 3.04.20
[    3.585234] tsc: Refined TSC clocksource calibration: 3691.464 MHz
[    3.611496] clocksource: tsc: mask: 0xffffffffffffffff max_cycles: 0x6a6bad2c367, max_idle_ns: 881590985451 ns
[    3.645969] input: ImExPS/2 Generic Explorer Mouse as /devices/platform/i8042/serio1/input/input4
[    3.880526] e1000 0000:00:03.0 eth0: (PCI:33MHz:32-bit) 02:66:2d:c5:e5:fb
[    3.895369] e1000 0000:00:03.0 eth0: Intel(R) PRO/1000 Network Connection
[    3.896586] mptbase: ioc0: Initiating bringup
[    4.016663] ioc0: LSI53C1030 A0: Capabilities={Initiator}
[    4.187500] scsi host2: ioc0: LSI53C1030 A0, FwRev=00000000h, Ports=1, MaxQ=256, IRQ=20
[    4.353455] scsi 2:0:0:0: Direct-Access     VBOX     HARDDISK         1.0  PQ: 0 ANSI: 5
[    4.407406] scsi target2:0:0: Beginning Domain Validation
[    4.409855] scsi target2:0:0: Domain Validation skipping write tests
[    4.411779] scsi target2:0:0: Ending Domain Validation
[    4.412546] scsi target2:0:0: asynchronous
[    4.424402] scsi 2:0:1:0: Direct-Access     VBOX     HARDDISK         1.0  PQ: 0 ANSI: 5
[    4.426703] scsi target2:0:1: Beginning Domain Validation
[    4.427993] scsi target2:0:1: Domain Validation skipping write tests
[    4.428850] scsi target2:0:1: Ending Domain Validation
[    4.429603] scsi target2:0:1: asynchronous
[    4.440996] sd 2:0:0:0: Attached scsi generic sg0 type 0
[    4.442882] sd 2:0:0:0: [sda] 20971520 512-byte logical blocks: (10.7 GB/10.0 GiB)
[    4.445550] sd 2:0:1:0: [sdb] 20480 512-byte logical blocks: (10.5 MB/10.0 MiB)
[    4.447758] sd 2:0:1:0: Attached scsi generic sg1 type 0
[    4.448748] sd 2:0:1:0: [sdb] Write Protect is off
[    4.450582] sd 2:0:0:0: [sda] Write Protect is off
[    4.451310] sd 2:0:1:0: [sdb] Incomplete mode parameter data
[    4.452101] sd 2:0:1:0: [sdb] Assuming drive cache: write through
[    4.452941] sd 2:0:0:0: [sda] Incomplete mode parameter data
[    4.453721] sd 2:0:0:0: [sda] Assuming drive cache: write through
[    4.456374]  sda: sda1
[    4.458623] sd 2:0:0:0: [sda] Attached SCSI disk
[    4.459307] sd 2:0:1:0: [sdb] Attached SCSI disk
[    4.685628] e1000 0000:00:08.0 eth1: (PCI:33MHz:32-bit) 08:00:27:78:29:e5
[    4.765774] e1000 0000:00:08.0 eth1: Intel(R) PRO/1000 Network Connection
[    4.767431] e1000 0000:00:03.0 enp0s3: renamed from eth0
[    4.780593] e1000 0000:00:08.0 enp0s8: renamed from eth1
[    6.464732] floppy0: no floppy controllers found
Begin: Loading e[    7.838229] md: linear personality registered for level -1
ssential drivers[    8.015584] md: multipath personality registered for level -4
 ... [    8.131011] md: raid0 personality registered for level 0
[    8.134157] md: raid1 personality registered for level 1
[    8.256833] raid6: sse2x1   gen() 11560 MB/s
[    8.334923] raid6: sse2x1   xor()  9810 MB/s
[    8.472538] raid6: sse2x2   gen() 14642 MB/s
[    8.574932] raid6: sse2x2   xor() 10181 MB/s
[    8.653049] raid6: sse2x4   gen() 16733 MB/s
[    8.724948] raid6: sse2x4   xor() 12520 MB/s
[    8.727743] raid6: using algorithm sse2x4 gen() 16733 MB/s
[    8.728457] raid6: .... xor() 12520 MB/s, rmw enabled
[    8.729149] raid6: using ssse3x2 recovery algorithm
[    8.730868] xor: automatically using best checksumming function:
[    8.792350]    avx       : 22596.000 MB/sec
[    8.799280] async_tx: api initialized (async)
[    8.840761] md: raid6 personality registered for level 6
[    8.875526] md: raid5 personality registered for level 5
[    8.876123] md: raid4 personality registered for level 4
[    8.881246] md: raid10 personality registered for level 10
done.
Begin: Running /scripts/init-premount ... done[    8.912284] Btrfs loaded
.
Begin: Mounting root file system ... Begin: R[    8.977192] EXT4-fs (sda1): mounted filesystem with ordered data mode. Opts: (null)
unning /scripts/local-top ... done.
Begin: Running /scripts/local-premount ... Scanning for Btrfs filesystems
done.
Warning: fsck not present, so skipping root file system
done.
Begin: Running /scripts/local-bottom ... done.
Begin: Running /scripts/init-bottom ... done.
[    9.069595] systemd[1]: systemd 229 running in system mode. (+PAM +AUDIT +SELINUX +IMA +APPARMOR +SMACK +SYSVINIT +UTMP +LIBCRYPTSETUP +GCRYPT +GNUTLS +ACL +XZ -LZ4 +SECCOMP +BLKID +ELFUTILS +KMOD -IDN)
[    9.099459] systemd[1]: Detected virtualization oracle.
[    9.101243] systemd[1]: Detected architecture x86-64.

Welcome to [1mUbuntu 16.04.3 LTS[0m!

[    9.120931] systemd[1]: Set hostname to <ubuntu>.
[    9.167734] systemd[1]: Initializing machine ID from random generator.
[    9.197647] systemd[1]: Installed transient /etc/machine-id file.
[    9.301696] systemd[1]: Created slice User and Session Slice.
[[0;32m  OK  [0m] Created slice User and Session Slice.
[    9.313739] systemd[1]: Listening on Journal Socket (/dev/log).
[[0;32m  OK  [0m] Listening on Journal Socket (/dev/log).
[    9.316478] systemd[1]: Listening on LVM2 metadata daemon socket.
[[0;32m  OK  [0m] Listening on LVM2 metadata daemon socket.
[    9.317904] systemd[1]: Reached target Encrypted Volumes.
[[0;32m  OK  [0m] Reached target Encrypted Volumes.
[    9.319212] systemd[1]: Listening on Syslog Socket.
[[0;32m  OK  [0m] Listening on Syslog Socket.
[    9.320493] systemd[1]: Listening on Device-mapper event daemon FIFOs.
[[0;32m  OK  [0m] Listening on Device-mapper event daemon FIFOs.
[    9.352506] systemd[1]: Reached target User and Group Name Lookups.
[[0;32m  OK  [0m] Reached target User and Group Name Lookups.
[    9.376664] systemd[1]: Started Trigger resolvconf update for networkd DNS.
[[0;32m  OK  [0m] Started Trigger resolvconf update for networkd DNS.
[    9.378512] systemd[1]: Set up automount Arbitrary Executable File Formats File System Automount Point.
[[0;32m  OK  [0m] Set up automount Arbitrary Executab...ats File System Automount Point.
[    9.380780] systemd[1]: Listening on Journal Audit Socket.
[[0;32m  OK  [0m] Listening on Journal Audit Socket.
[    9.382506] systemd[1]: Created slice System Slice.
[[0;32m  OK  [0m] Created slice System Slice.
[    9.385481] systemd[1]: Listening on LVM2 poll daemon socket.
[[0;32m  OK  [0m] Listening on LVM2 poll daemon socket.
[    9.389908] systemd[1]: Listening on udev Control Socket.
[[0;32m  OK  [0m] Listening on udev Control Socket.
[    9.391404] systemd[1]: Reached target Swap.
[[0;32m  OK  [0m] Reached target Swap.
[    9.392741] systemd[1]: Listening on udev Kernel Socket.
[[0;32m  OK  [0m] Listening on udev Kernel Socket.
[    9.394442] systemd[1]: Created slice system-serial\x2dgetty.slice.
[[0;32m  OK  [0m] Created slice system-serial\x2dgetty.slice.
[    9.396101] systemd[1]: Started Forward Password Requests to Wall Directory Watch.
[[0;32m  OK  [0m] Started Forward Password Requests to Wall Directory Watch.
[    9.398160] systemd[1]: Listening on Journal Socket.
[[0;32m  OK  [0m] Listening on Journal Socket.
[    9.412469] systemd[1]: Starting Journal Service...
         Starting Journal Service...
[    9.452492] systemd[1]: Mounting POSIX Message Queue File System...
         Mounting POSIX Message Queue File System...
[    9.516535] systemd[1]: Starting Nameserver information manager...
         Starting Nameserver information manager...
[    9.537969] systemd[1]: Starting Monitoring of LVM2 mirrors, snapshots etc. using dmeventd or progress polling...
         Starting Monitoring of LVM2 mirrors... dmeventd or progress polling...
[    9.711441] systemd[1]: Starting Load Kernel Modules...
         Starting Load Kernel Modules...
[    9.720300] systemd[1]: Starting Set console keymap...
         Starting Set console keymap...
[    9.726947] Loading iSCSI transport class v2.0-870.
[    9.727707] systemd[1]: Mounting Huge Pages File System...
         [    9.744865] iscsi: registered transport (tcp)
Mounting Huge Pages File System...
[    9.783869] iscsi: registered transport (iser)
[    9.856446] systemd[1]: Mounting Debug File System...
         Mounting Debug File System...
[    9.864130] systemd[1]: Starting Remount Root and Kernel File Systems...
         [    9.869565] EXT4-fs (sda1): re-mounted. Opts: (null)
Starting Remount Root and Kernel File Systems...
[    9.955774] systemd[1]: Starting Create list of required static device nodes for the current kernel...
         Starting Create list of required st... nodes for the current kernel...
[    9.979313] systemd[1]: Listening on /dev/initctl Compatibility Named Pipe.
[[0;32m  OK  [0m] Listening on /dev/initctl Compatibility Named Pipe.
[    9.981918] systemd[1]: Reached target Slices.
[[0;32m  OK  [0m] Reached target Slices.
[    9.984899] systemd[1]: Starting Uncomplicated firewall...
         Starting Uncomplicated firewall...
[    9.993312] systemd[1]: Mounted POSIX Message Queue File System.
[[0;32m  OK  [0m] Mounted POSIX Message Queue File System.
[   10.051720] systemd[1]: Mounted Debug File System.
[[0;32m  OK  [0m] Mounted Debug File System.
[   10.052983] systemd[1]: Mounted Huge Pages File System.
[[0;32m  OK  [0m] Mounted Huge Pages File System.
[   10.054330] systemd[1]: Started Journal Service.
[[0;32m  OK  [0m] Started Journal Service.
[[0;32m  OK  [0m] Started Load Kernel Modules.
[[0;32m  OK  [0m] Started Set console keymap.
[[0;32m  OK  [0m] Started Remount Root and Kernel File Systems.
[[0;32m  OK  [0m] Started Create list of required sta...ce nodes for the current kernel.
[[0;32m  OK  [0m] Started Uncomplicated firewall.
[[0;32m  OK  [0m] Started Nameserver information manager.
[[0;32m  OK  [0m] Started LVM2 metadata daemon.
         Starting Create Static Device Nodes in /dev...
         Starting Load/Save Random Seed...
         Starting udev Coldplug all Devices...
         [   10.229549] random: nonblocking pool is initialized
Starting Initial cloud-init job (pre-networking)...
         Mounting FUSE Control File System...
         Starting Apply Kernel Variables...
         Starting Flush Journal to Persistent Storage...
[[0;32m  OK  [0m] Mounted FUSE Control File System.
[[0;32m  OK  [0m] Started Create Static Device Nodes in /dev.
[[0;32m  OK  [0m] Started Load/Save Random Seed.
[[0;32m  OK  [0m] Started Apply Kernel Variables.
[[0;32m  OK  [0m] Started udev Coldplug all Devices.
[[0;32m  OK  [0m] Started Flush Journal to Persistent Storage.
         Starting udev Kernel Device Manager...
[[0;32m  OK  [0m] Started udev Kernel Device Manager.
[[0;32m  OK  [0m] Started Dispatch Password Requests to Console Directory Watch.
[[0;32m  OK  [0m] Started Monitoring of LVM2 mirrors,...ng dmeventd or progress polling.
[[0;32m  OK  [0m] Reached target Local File Systems (Pre).
[[0;32m  OK  [0m] Reached target Local File Systems.
         Starting Tell Plymouth To Write Out Runtime Data...
         Starting Set console font and keymap...
         Starting Commit a transient machine-id on disk...
         Starting Create Volatile Files and Directories...
         Starting LSB: AppArmor initialization...
[[0;32m  OK  [0m] Started Tell Plymouth To Write Out Runtime Data.
[[0;32m  OK  [0m] Started Commit a transient machine-id on disk.
[[0;32m  OK  [0m] Started Create Volatile Files and Directories.
[[0;32m  OK  [0m] Found device /dev/ttyS0.
[[0;32m  OK  [0m] Listening on Load/Save RF Kill Switch Status /dev/rfkill Watch.
[[0;32m  OK  [0m] Reached target System Time Synchronized.
[   10.228918] cloud-init[451]: Cloud-init v. 17.1 running 'init-local' at Sun, 18 Feb 2018 08:58:45 +0000. Up 9.85 seconds.
         Starting Update UTMP about System Boot/Shutdown...
[[0;32m  OK  [0m] Started Set console font and keymap.
[[0;32m  OK  [0m] Started LSB: AppArmor initialization.
[[0;32m  OK  [0m] Started Initial cloud-init job (pre-networking).
[[0;32m  OK  [0m] Started Update UTMP about System Boot/Shutdown.
[[0;32m  OK  [0m] Reached target Network (Pre).
         Starting Raise network interfaces...
[[0;32m  OK  [0m] Created slice system-getty.slice.
[[0;32m  OK  [0m] Started Raise network interfaces.
         Starting Initial cloud-init job (metadata service crawler)...
[[0;32m  OK  [0m] Reached target Network.
[   13.615188] cloud-init[944]: Cloud-init v. 17.1 running 'init' at Sun, 18 Feb 2018 08:58:48 +0000. Up 13.12 seconds.
[[0;32m  OK  [0m] Started Initial cloud-init job (metadata service crawler).
[   13.680553] cloud-init[944]: ci-info: ++++++++++++++++++++++++++++++++++++++Net device info++++++++++++++++++++++++++++++++++++++
[   13.726461] [cloud-init[0;32m  OK  [0m[944]: ] ci-info: +--------+-------+----------------------------+---------------+-------+-------------------+Reached target Cloud-config availability.

[[0;32m  OK  [0m] Reached target System Initialization.
[   13.727295] cloud-init[944]: ci-info: | Device |   Up  |          Address           |      Mask     | Scope |     Hw-Address    |
[   13.740762] [cloud-init[0;32m  OK  [0m[944]: ] ci-info: +--------+-------+----------------------------+---------------+-------+-------------------+Listening on D-Bus System Message Bus Socket.

[   13.741332] cloud-init[944]: ci-info: | enp0s3 |  True |         10.0.2.15          | 255.255.255.0 |   .   | 02:66:2d:c5:e5:fb |
[   13.796396]          cloud-initStarting LXD - unix socket.[944]: 
ci-info: | enp0s3 |  True | fe80::66:2dff:fec5:e5fb/64 |       .       |  link | 02:66:2d:c5:e5:fb |
[   13.799884] [cloud-init[0;32m  OK  [0m[944]: ] ci-info: | enp0s8 | False |             .              |       .       |   .   | 08:00:27:78:29:e5 |Started ACPI Events Check.

[   13.800352] [cloud-init[0;32m  OK  [0m[944]: ] ci-info: |   lo   |  True |         127.0.0.1          |   255.0.0.0   |   .   |         .         |Reached target Paths.

[   13.806497] [cloud-init[0;32m  OK  [0m[944]: ] ci-info: |   lo   |  True |          ::1/128           |       .       |  host |         .         |Started Timer to automatically refresh installed snaps.

[   13.806982] [cloud-init[0;32m  OK  [0m[944]: ] ci-info: +--------+-------+----------------------------+---------------+-------+-------------------+Started Daily Cleanup of Temporary Directories.

[   13.812767] [cloud-init[0;32m  OK  [0m[944]: ] ci-info: +++++++++++++++++++++++++++Route IPv4 info++++++++++++++++++++++++++++Listening on UUID daemon activation socket.

[   13.815473] [cloud-init[0;32m  OK  [0m[944]: ] ci-info: +-------+-------------+----------+---------------+-----------+-------+Started Daily apt download activities.

[   13.818128]          cloud-initStarting Socket activation for snappy daemon.[944]: 
ci-info: | Route | Destination | Gateway  |    Genmask    | Interface | Flags |
[   13.823970] [[0;32m  OK  [0m] Listening on ACPID Listen Socket.
[[0;32m  OK  [0m] Started Daily apt upgrade and clean activities.
[[0;32m  OK  [0m] Reached target Timers.
[[0;32m  OK  [0m] Reached target Network is Online.
cloud-init[944]: ci-info: +-------+-------------+----------+---------------+-----------+-------+
[   13.827209] cloud-init[944]: ci-info: |   0   |   0.0.0.0   | 10.0.2.2 |    0.0.0.0    |   enp0s3  |   UG  |
[   13.829291] cloud-init[944]: ci-info: |   1   |   10.0.2.0  | 0.0.0.0  | 255.255.255.0 |   enp0s3  |   U   |
[   13.830493] cloud-init[944]: ci-info: +-------+-------------+----------+---------------+-----------+-------+
         Starting iSCSI initiator daemon (iscsid)...
[[0;32m  OK  [0m] Listening on LXD - unix socket.
[[0;32m  OK  [0m] Listening on Socket activation for snappy daemon.
[   13.841415] cloud-init[944]: Generating public/private rsa key pair.
[   13.944740] cloud-init[944]: Your identification has been saved in /etc/ssh/ssh_host_rsa_key.
[   13.947256] cloud-init[944]: Your public key has been saved in /etc/ssh/ssh_host_rsa_key.pub.
[   13.949760] cloud-init[944]: The key fingerprint is:
[   13.951900] cloud-init[944]: SHA256:9blM3tA+Pk4JamZrB2C1e/1Wx+4flMQwJzWgNzigLkQ root@ubuntu-xenial
[   13.964312] [cloud-init[0;32m  OK  [0m[944]: ] The key's randomart image is:Started iSCSI initiator daemon (iscsid).

[   13.964636] cloud-init[944]: +---[RSA 2048]----+
[   14.060232] cloud-init[944]: |     E   .   =o+ |
[   14.096515]          cloud-initStarting Login to default iSCSI targets...[944]: 
|    .   . o o * .|
[   14.148393] [cloud-init[0;32m  OK  [0m[944]: ] |     . . ..= o o |Reached target Sockets.

[   14.148801] [cloud-init[0;32m  OK  [0m[944]: ] |    . . o...ooo .|Reached target Basic System.

[   14.177705] cloud-init[944]: |     . oS. .*..+ |
[   14.193641] [[0;32m  OK  [0m] Started Regular background program processing daemon.
cloud-init[944]: |      .   o=.*o.+|         Starting Apply the settings specified in cloud-config...
[[0;32m  OK  [0m] Started Deferred execution scheduler.
         Starting LSB: Record successful boot for GRUB...
[[0;32m  OK  [0m] Started FUSE filesystem for LXC.
         Starting LSB: MD monitoring daemon...
         Starting Accounts Service...
         Starting /etc/rc.local Compatibility...

[   14.284549]          cloud-initStarting Pollinate to seed the pseudo random number generator...[944]: 
|          =o+ *+o|
[   14.284794] cloud-init[944]: |         +...o..=|
[   14.308208] cloud-init[944]: |         ... .o++|
         Starting Login Service...
[   14.323884] cloud-init[944]: +----[SHA256]-----+
[   14.334261] [cloud-init[0;32m  OK  [0m[944]: ] Generating public/private dsa key pair.Started D-Bus System Message Bus.

[   14.334495] cloud-init[944]: Your identification has been saved in /etc/ssh/ssh_host_dsa_key.
[   14.358012] cloud-init[944]: Your public key has been saved in /etc/ssh/ssh_host_dsa_key.pub.
[   14.359340] cloud-init[944]: The key fingerprint is:
[   14.360327] cloud-init[944]: SHA256:Na3BHU4dWiw14mswNJpMAm4kkq1t3bvuUCSxPLRUQak root@ubuntu-xenial
[   14.361277] cloud-init[944]: The key's randomart image is:
[   14.362023] cloud-init[944]: +---[DSA 1024]----+
[   14.364181] cloud-init[944]: |.o. *+=o. o ++=. |
[   14.364901] cloud-init[944]: |...B +.+ = B.=o. |
[   14.365599] cloud-init[944]: | o .Oo. + B *.   |
[   14.366284] cloud-init[944]: |. o.E+.  . * .   |
[   14.366964] cloud-init[944]: | .    ..S . o    |
[   14.367651] cloud-init[944]: |     ..    .     |
[   14.368364] cloud-init[944]: |    .  .         |
[   14.369053] cloud-init[944]: |     ..          |
[   14.369829] cloud-init[944]: |     oo          |
[   14.370648] cloud-init[944]: +----[SHA256]-----+
[   14.371467] cloud-init[944]: Generating public/private ecdsa key pair.
[   14.372405] cloud-init[944]: Your identification has been saved in /etc/ssh/ssh_host_ecdsa_key.
         Starting System Logging Service...
[[0;32m  OK  [0m] Started ACPI event daemon.
[[0;32m  OK  [0m] Started Unattended Upgrades Shutdown.
         Starting Snappy daemon...
         Starting LXD - container startup/shutdown...
[[0;32m  OK  [0m] Started System Logging Service.
[[0;32m  OK  [0m] Started /etc/rc.local Compatibility.
[   14.381126] cloud-init[944]: Your public key has been saved in /etc/ssh/ssh_host_ecdsa_key.pub.
[   14.488301] [cloud-init[0;32m  OK  [0m[944]: ] The key fingerprint is:Started Login to default iSCSI targets.

[   14.488633] cloud-init[944]: SHA256:FDWJsK4Xp4pNrmFFCiTKo3wk1rH1GlDeXNL/oV2OhzI root@ubuntu-xenial
[   14.494162] cloud-init[944]: The key's randomart image is:
[   14.496991] cloud-init[944]: +---[ECDSA 256]---+
[   14.498385] cloud-init[944]: |.. o.o.oo+o.     |
[   14.500922] cloud-init[944]: |= . * +.+o..     |
[   14.504704] cloud-init[944]: |o= +.o.+. .      |
[   14.506971] cloud-init[944]: |+.+o .o.   . . . |
[   14.510381] cloud-init[944]: |......o S   + *  |
[   14.536386] [cloud-init[0;32m  OK  [0m[944]: ] |  .. . +   E = o |Started LXD - container startup/shutdown.

[   14.536703] cloud-init[944]: |  o o o     o .  |
[   14.547481] [cloud-init[0;32m  OK  [0m[944]: ] | . * o           |Started LSB: Record successful boot for GRUB.

[   14.547728] [cloud-init[0;32m  OK  [0m[944]: ] |  o.+            |Started LSB: MD monitoring daemon.

[   14.577696] [cloud-init[0;32m  OK  [0m[944]: ] +----[SHA256]-----+Started Snappy daemon.

[   14.577951] cloud-init[944]: Generating public/private ed25519 key pair.
[   14.581602] cloud-init[944]: Your identification has been saved in /etc/ssh/ssh_host_ed25519_key.
[   14.584002] cloud-init[944]: Your public key has been saved in /etc/ssh/ssh_host_ed25519_key.pub.
[   14.588562] cloud-init[944]: The key fingerprint is:
[   14.590639] cloud-init[944]: SHA256:2sYvaxVBvR1RII4PncP+ZpFjQjKWsZtI7ELcZekt5R4 root@ubuntu-xenial
[   14.592720] cloud-init[944]: The key's randomart image is:
[   14.596516] cloud-init[944]: +--[ED25519 256]--+
[   14.603680] [cloud-init[0;32m  OK  [0m[944]: ] |         .=o. o+.|Started Login Service.

[   14.603918] cloud-init[944]: |     . o ooOoo.  |
[   14.607016] cloud-init[944]: |      o +.O=Bo . |
[   14.608619] cloud-init[944]: |     . o o+XE... |
[   14.612081] cloud-init[944]: |      . S o++.=  |
[   14.633787]          cloud-initStarting Authenticate and Authorize Users to Run Privileged Tasks...[944]: 
|       =  . .+ o |
[   14.635958] [cloud-init[0;32m  OK  [0m[944]: ] |      . +.    +  |Reached target Remote File Systems (Pre).

[[0;32m  OK  [0m] Reached target Remote File Systems.
[   14.636255] cloud-init[944]: |       .o.   o   |
         Starting LSB: daemon to balance interrupts for SMP systems...
[   14.645950] cloud-init[944]: |       ..o.      |
[   14.649198]          cloud-initStarting LSB: VirtualBox Linux Additions...[944]: 
+----[SHA256]-----+
         Starting LSB: Set the CPU Frequency Scaling governor to "ondemand"...
         Starting LSB: automatic crash report generation...
         Starting Permit User Sessions...
[[0;32m  OK  [0m] Started Permit User Sessions.
[[0;32m  OK  [0m] Started Authenticate and Authorize Users to Run Privileged Tasks.
[[0;32m  OK  [0m] Started Accounts Service.
[[0;32m  OK  [0m] Started LSB: daemon to balance interrupts for SMP systems.
[[0;32m  OK  [0m] Started LSB: Set the CPU Frequency Scaling governor to "ondemand".
[[0;32m  OK  [0m] Started Pollinate to seed the pseudo random number generator.
[[0;32m  OK  [0m] Started LSB: VirtualBox Linux Additions.
[[0;32m  OK  [0m] Started LSB: automatic crash report generation.
[   14.741504] cloud-init[1048]: Generating locales (this might take a while)...
         Starting OpenBSD Secure Shell server...
         Starting Hold until boot process finishes up...
         Starting Terminate Plymouth Boot Screen...
[[0;32m  OK  [0m] Started OpenBSD Secure Shell server.
[[0;32m  OK  [0m] Started Hold until boot process finishes up.
[[0;32m  OK  [0m] Started Terminate Plymouth Boot Screen.
[[0;32m  OK  [0m] Started Getty on tty1.
         Starting Set console scheme...
[[0;32m  OK  [0m] Started Serial Getty on ttyS0.
[[0;32m  OK  [0m] Reached target Login Prompts.
[[0;32m  OK  [0m] Reached target Multi-User System.
[[0;32m  OK  [0m] Reached target Graphical Interface.
         Starting Update UTMP about System Runlevel Changes...
[[0;32m  OK  [0m] Started Set console scheme.
[[0;32m  OK  [0m] Started Update UTMP about System Runlevel Changes.
[   15.404375] cloud-init[1048]:   en_US.UTF-8... done
[   15.408511] cloud-init[1048]: Generation complete.
[   15.662996] cloud-init[1048]: Cloud-init v. 17.1 running 'modules:config' at Sun, 18 Feb 2018 08:58:50 +0000. Up 14.56 seconds.
[[0;32m  OK  [0m] Started Apply the settings specified in cloud-config.
         Starting Execute cloud user/final scripts...
ci-info: no authorized ssh keys fingerprints found for user ubuntu.
<14>Feb 18 08:58:51 ec2: 
<14>Feb 18 08:58:51 ec2: #############################################################
<14>Feb 18 08:58:51 ec2: -----BEGIN SSH HOST KEY FINGERPRINTS-----
<14>Feb 18 08:58:51 ec2: 1024 SHA256:Na3BHU4dWiw14mswNJpMAm4kkq1t3bvuUCSxPLRUQak root@ubuntu-xenial (DSA)
<14>Feb 18 08:58:51 ec2: 256 SHA256:FDWJsK4Xp4pNrmFFCiTKo3wk1rH1GlDeXNL/oV2OhzI root@ubuntu-xenial (ECDSA)
<14>Feb 18 08:58:51 ec2: 256 SHA256:2sYvaxVBvR1RII4PncP+ZpFjQjKWsZtI7ELcZekt5R4 root@ubuntu-xenial (ED25519)
<14>Feb 18 08:58:51 ec2: 2048 SHA256:9blM3tA+Pk4JamZrB2C1e/1Wx+4flMQwJzWgNzigLkQ root@ubuntu-xenial (RSA)
<14>Feb 18 08:58:51 ec2: -----END SSH HOST KEY FINGERPRINTS-----
<14>Feb 18 08:58:51 ec2: #############################################################
-----BEGIN SSH HOST KEY KEYS-----
ecdsa-sha2-nistp256 AAAAE2VjZHNhLXNoYTItbmlzdHAyNTYAAAAIbmlzdHAyNTYAAABBBD0JDRQSRm77s/VkTFGvQ8z6+lL/6Bb3nMZNUs36MqAiPSTkyv9hsVM6RMTkSQ5+7riTha7OwbNi6NOadD1PSYc= root@ubuntu-xenial
ssh-ed25519 AAAAC3NzaC1lZDI1NTE5AAAAIL+99siEgieCWFdLTe61JCc5iWbMkDjjNzH8KnRsgMhe root@ubuntu-xenial
ssh-rsa AAAAB3NzaC1yc2EAAAADAQABAAABAQC+EvC3Y06Iu0K4iXwPQczVNuOWngPNJ2Q7kVCR30QBCsQR2DBTFtIagNNU7wyBtyhV6CDUN3qU9nPasEkpeCjHs8gKwM2MdYPhkw2UFM0DR4lcmBZAyvOgw7vRTRDYA7/dS5eb+9ZWeG5CVuduz8+PukQRyBvc5jnM3sOfKFdmubr2kdvLxEquE2CBglqWcNb1RA1Qt1Wb4jwpBZ9fKhjV41Bx9fMuvGwK4+GE7JTwVtd8tbMcOeeBmLv2YFGqIb5/smIz2zJTmmm4WBN72VccsZ3LD/cu3dYVV5OKZ1opO2b9xKT/jUyv/dRpx6oDvubWiWPMApeGexbHd2CFwi9t root@ubuntu-xenial
-----END SSH HOST KEY KEYS-----
[   16.236848] cloud-init[1308]: Cloud-init v. 17.1 running 'modules:final' at Sun, 18 Feb 2018 08:58:51 +0000. Up 16.03 seconds.
[   16.241344] cloud-init[1308]: ci-info: no authorized ssh keys fingerprints found for user ubuntu.
[   16.256453] cloud-init[1308]: Cloud-init v. 17.1 finished at Sun, 18 Feb 2018 08:58:51 +0000. Datasource DataSourceNoCloud [seed=/dev/sdb][dsmode=net].  Up 16.23 seconds
[[0;32m  OK  [0m] Started Execute cloud user/final scripts.
[[0;32m  OK  [0m] Reached target Cloud-init target.

Ubuntu 16.04.3 LTS ubuntu-xenial ttyS0

ubuntu-xenial login: 